2022/07/18 12:41:04 INFO  [restartedMain] - Starting DemoApplication using Java 18.0.1.1 on DESKTOP-4ODT6LC with PID 23748 (C:\opt\workspace\normalian-springboot01.git\build\classes\java\main started by daisami in C:\opt\workspace\normalian-springboot01.git)
2022/07/18 12:41:04 INFO  [restartedMain] - No active profile set, falling back to 1 default profile: "default"
2022/07/18 12:41:04 INFO  [restartedMain] - Devtools property defaults active! Set 'spring.devtools.add-properties' to 'false' to disable
2022/07/18 12:41:04 INFO  [restartedMain] - For additional web related logging consider setting the 'logging.level.web' property to 'DEBUG'
2022/07/18 12:41:10 INFO  [restartedMain] - Tomcat initialized with port(s): 8080 (http)
2022/07/18 12:41:10 INFO  [restartedMain] - Starting service [Tomcat]
2022/07/18 12:41:10 INFO  [restartedMain] - Starting Servlet engine: [Apache Tomcat/9.0.64]
2022/07/18 12:41:10 INFO  [restartedMain] - Initializing Spring embedded WebApplicationContext
2022/07/18 12:41:10 INFO  [restartedMain] - Root WebApplicationContext: initialization completed in 6318 ms
2022/07/18 12:41:12 INFO  [restartedMain] - Azure Identity => EnvironmentCredential invoking ClientSecretCredential
2022/07/18 12:41:12 INFO  [restartedMain] - Package versions: jackson-annotations=2.13.3, jackson-core=2.13.3, jackson-databind=2.13.3, jackson-dataformat-xml=2.13.3, jackson-datatype-jsr310=2.13.3, azure-core=1.29.1, Troubleshooting version conflicts: https://aka.ms/azsdk/java/dependency/troubleshoot
2022/07/18 12:41:12 INFO  [restartedMain] - Will configure the default credential of type DefaultAzureCredential for class com.azure.identity.ClientSecretCredentialBuilder.
2022/07/18 12:41:12 INFO  [restartedMain] - LiveReload server is running on port 35729
2022/07/18 12:41:12 INFO  [restartedMain] - Tomcat started on port(s): 8080 (http) with context path ''
2022/07/18 12:41:12 INFO  [restartedMain] - Started DemoApplication in 12.102 seconds (JVM running for 14.381)
2022/07/18 12:41:29 INFO  [http-nio-8080-exec-1] - Initializing Spring DispatcherServlet 'dispatcherServlet'
2022/07/18 12:41:29 INFO  [http-nio-8080-exec-1] - Initializing Servlet 'dispatcherServlet'
2022/07/18 12:41:29 INFO  [http-nio-8080-exec-1] - Completed initialization in 2 ms
2022/07/18 12:45:44 INFO  [restartedMain] - Starting DemoApplication using Java 18.0.1.1 on DESKTOP-4ODT6LC with PID 28468 (C:\opt\workspace\normalian-springboot01.git\build\classes\java\main started by daisami in C:\opt\workspace\normalian-springboot01.git)
2022/07/18 12:45:44 INFO  [restartedMain] - No active profile set, falling back to 1 default profile: "default"
2022/07/18 12:45:44 INFO  [restartedMain] - Devtools property defaults active! Set 'spring.devtools.add-properties' to 'false' to disable
2022/07/18 12:45:44 INFO  [restartedMain] - For additional web related logging consider setting the 'logging.level.web' property to 'DEBUG'
2022/07/18 12:45:49 INFO  [restartedMain] - Tomcat initialized with port(s): 8080 (http)
2022/07/18 12:45:49 INFO  [restartedMain] - Starting service [Tomcat]
2022/07/18 12:45:49 INFO  [restartedMain] - Starting Servlet engine: [Apache Tomcat/9.0.64]
2022/07/18 12:45:50 INFO  [restartedMain] - Initializing Spring embedded WebApplicationContext
2022/07/18 12:45:50 INFO  [restartedMain] - Root WebApplicationContext: initialization completed in 5163 ms
2022/07/18 12:45:51 INFO  [restartedMain] - Azure Identity => EnvironmentCredential invoking ClientSecretCredential
2022/07/18 12:45:51 INFO  [restartedMain] - Package versions: jackson-annotations=2.13.3, jackson-core=2.13.3, jackson-databind=2.13.3, jackson-dataformat-xml=2.13.3, jackson-datatype-jsr310=2.13.3, azure-core=1.29.1, Troubleshooting version conflicts: https://aka.ms/azsdk/java/dependency/troubleshoot
2022/07/18 12:45:51 INFO  [restartedMain] - Will configure the default credential of type DefaultAzureCredential for class com.azure.identity.ClientSecretCredentialBuilder.
2022/07/18 12:45:52 INFO  [restartedMain] - LiveReload server is running on port 35729
2022/07/18 12:45:52 INFO  [restartedMain] - Tomcat started on port(s): 8080 (http) with context path ''
2022/07/18 12:45:52 INFO  [restartedMain] - Started DemoApplication in 9.242 seconds (JVM running for 10.582)
2022/07/18 12:46:01 INFO  [http-nio-8080-exec-1] - Initializing Spring DispatcherServlet 'dispatcherServlet'
2022/07/18 12:46:01 INFO  [http-nio-8080-exec-1] - Initializing Servlet 'dispatcherServlet'
2022/07/18 12:46:01 INFO  [http-nio-8080-exec-1] - Completed initialization in 1 ms
2022/07/18 13:08:17 INFO  [restartedMain] - Starting DemoApplication using Java 18.0.1.1 on DESKTOP-4ODT6LC with PID 24736 (C:\opt\workspace\normalian-springboot01.git\build\classes\java\main started by daisami in C:\opt\workspace\normalian-springboot01.git)
2022/07/18 13:08:17 INFO  [restartedMain] - No active profile set, falling back to 1 default profile: "default"
2022/07/18 13:08:17 INFO  [restartedMain] - Devtools property defaults active! Set 'spring.devtools.add-properties' to 'false' to disable
2022/07/18 13:08:17 INFO  [restartedMain] - For additional web related logging consider setting the 'logging.level.web' property to 'DEBUG'
2022/07/18 13:08:18 INFO  [restartedMain] - Tomcat initialized with port(s): 8080 (http)
2022/07/18 13:08:18 INFO  [restartedMain] - Starting service [Tomcat]
2022/07/18 13:08:18 INFO  [restartedMain] - Starting Servlet engine: [Apache Tomcat/9.0.64]
2022/07/18 13:08:18 INFO  [restartedMain] - Initializing Spring embedded WebApplicationContext
2022/07/18 13:08:18 INFO  [restartedMain] - Root WebApplicationContext: initialization completed in 1395 ms
2022/07/18 13:08:19 INFO  [restartedMain] - Azure Identity => EnvironmentCredential invoking ClientSecretCredential
2022/07/18 13:08:19 INFO  [restartedMain] - Package versions: jackson-annotations=2.13.3, jackson-core=2.13.3, jackson-databind=2.13.3, jackson-dataformat-xml=2.13.3, jackson-datatype-jsr310=2.13.3, azure-core=1.29.1, Troubleshooting version conflicts: https://aka.ms/azsdk/java/dependency/troubleshoot
2022/07/18 13:08:19 INFO  [restartedMain] - Will configure the default credential of type DefaultAzureCredential for class com.azure.identity.ClientSecretCredentialBuilder.
2022/07/18 13:08:19 INFO  [restartedMain] - LiveReload server is running on port 35729
2022/07/18 13:08:19 INFO  [restartedMain] - Tomcat started on port(s): 8080 (http) with context path ''
2022/07/18 13:08:19 INFO  [restartedMain] - Started DemoApplication in 2.672 seconds (JVM running for 3.252)
2022/07/18 13:08:33 INFO  [http-nio-8080-exec-1] - Initializing Spring DispatcherServlet 'dispatcherServlet'
2022/07/18 13:08:33 INFO  [http-nio-8080-exec-1] - Initializing Servlet 'dispatcherServlet'
2022/07/18 13:08:33 INFO  [http-nio-8080-exec-1] - Completed initialization in 2 ms
2022/07/18 13:44:41 INFO  [restartedMain] - Starting DemoApplication using Java 18.0.1.1 on DESKTOP-4ODT6LC with PID 28148 (C:\opt\workspace\normalian-springboot01.git\build\classes\java\main started by daisami in C:\opt\workspace\normalian-springboot01.git)
2022/07/18 13:44:41 INFO  [restartedMain] - No active profile set, falling back to 1 default profile: "default"
2022/07/18 13:44:41 INFO  [restartedMain] - Devtools property defaults active! Set 'spring.devtools.add-properties' to 'false' to disable
2022/07/18 13:44:41 INFO  [restartedMain] - For additional web related logging consider setting the 'logging.level.web' property to 'DEBUG'
2022/07/18 13:44:42 INFO  [restartedMain] - Tomcat initialized with port(s): 8080 (http)
2022/07/18 13:44:42 INFO  [restartedMain] - Starting service [Tomcat]
2022/07/18 13:44:42 INFO  [restartedMain] - Starting Servlet engine: [Apache Tomcat/9.0.64]
2022/07/18 13:44:42 INFO  [restartedMain] - Initializing Spring embedded WebApplicationContext
2022/07/18 13:44:42 INFO  [restartedMain] - Root WebApplicationContext: initialization completed in 1254 ms
2022/07/18 13:44:42 INFO  [restartedMain] - Azure Identity => EnvironmentCredential invoking ClientSecretCredential
2022/07/18 13:44:42 INFO  [restartedMain] - Package versions: jackson-annotations=2.13.3, jackson-core=2.13.3, jackson-databind=2.13.3, jackson-dataformat-xml=2.13.3, jackson-datatype-jsr310=2.13.3, azure-core=1.29.1, Troubleshooting version conflicts: https://aka.ms/azsdk/java/dependency/troubleshoot
2022/07/18 13:44:43 INFO  [restartedMain] - Will configure the default credential of type DefaultAzureCredential for class com.azure.identity.ClientSecretCredentialBuilder.
2022/07/18 13:44:43 INFO  [restartedMain] - LiveReload server is running on port 35729
2022/07/18 13:44:43 INFO  [restartedMain] - Tomcat started on port(s): 8080 (http) with context path ''
2022/07/18 13:44:43 INFO  [restartedMain] - Started DemoApplication in 2.515 seconds (JVM running for 3.145)
2022/07/18 13:44:48 INFO  [http-nio-8080-exec-1] - Initializing Spring DispatcherServlet 'dispatcherServlet'
2022/07/18 13:44:48 INFO  [http-nio-8080-exec-1] - Initializing Servlet 'dispatcherServlet'
2022/07/18 13:44:48 INFO  [http-nio-8080-exec-1] - Completed initialization in 1 ms
2022/07/18 14:03:13 INFO  [Test worker] - Starting DemoApplicationTests using Java 18.0.1.1 on DESKTOP-4ODT6LC with PID 10368 (started by daisami in C:\opt\workspace\normalian-springboot01.git)
2022/07/18 14:03:13 INFO  [Test worker] - No active profile set, falling back to 1 default profile: "default"
2022/07/18 14:03:25 INFO  [Test worker] - Azure Identity => EnvironmentCredential invoking ClientSecretCredential
2022/07/18 14:03:26 INFO  [Test worker] - Package versions: jackson-annotations=2.13.3, jackson-core=2.13.3, jackson-databind=2.13.3, jackson-dataformat-xml=2.13.3, jackson-datatype-jsr310=2.13.3, azure-core=1.29.1, Troubleshooting version conflicts: https://aka.ms/azsdk/java/dependency/troubleshoot
2022/07/18 14:03:26 INFO  [Test worker] - Will configure the default credential of type DefaultAzureCredential for class com.azure.identity.ClientSecretCredentialBuilder.
2022/07/18 14:03:27 INFO  [Test worker] - Started DemoApplicationTests in 16.517 seconds (JVM running for 22.414)
2022/07/18 14:03:31 INFO  [Test worker] - Neither @ContextConfiguration nor @ContextHierarchy found for test class [work.normalian.demo.controller.MainControllerTest], using SpringBootContextLoader
2022/07/18 14:03:31 INFO  [Test worker] - Could not detect default resource locations for test class [work.normalian.demo.controller.MainControllerTest]: no resource found for suffixes {-context.xml, Context.groovy}.
2022/07/18 14:03:31 INFO  [Test worker] - Could not detect default configuration classes for test class [work.normalian.demo.controller.MainControllerTest]: MainControllerTest does not declare any static, non-private, non-final, nested classes annotated with @Configuration.
2022/07/18 14:03:31 INFO  [Test worker] - Found @SpringBootConfiguration work.normalian.demo.DemoApplication for test class work.normalian.demo.controller.MainControllerTest
2022/07/18 14:03:31 INFO  [Test worker] - Loaded default TestExecutionListener class names from location [META-INF/spring.factories]: [org.springframework.boot.test.autoconfigure.restdocs.RestDocsTestExecutionListener, org.springframework.boot.test.autoconfigure.web.client.MockRestServiceServerResetTestExecutionListener, org.springframework.boot.test.autoconfigure.web.servlet.MockMvcPrintOnlyOnFailureTestExecutionListener, org.springframework.boot.test.autoconfigure.web.servlet.WebDriverTestExecutionListener, org.springframework.boot.test.autoconfigure.webservices.client.MockWebServiceServerTestExecutionListener, org.springframework.boot.test.mock.mockito.MockitoTestExecutionListener, org.springframework.boot.test.mock.mockito.ResetMocksTestExecutionListener, org.springframework.test.context.web.ServletTestExecutionListener, org.springframework.test.context.support.DirtiesContextBeforeModesTestExecutionListener, org.springframework.test.context.event.ApplicationEventsTestExecutionListener, org.springframework.test.context.support.DependencyInjectionTestExecutionListener, org.springframework.test.context.support.DirtiesContextTestExecutionListener, org.springframework.test.context.transaction.TransactionalTestExecutionListener, org.springframework.test.context.jdbc.SqlScriptsTestExecutionListener, org.springframework.test.context.event.EventPublishingTestExecutionListener]
2022/07/18 14:03:31 INFO  [Test worker] - Using TestExecutionListeners: [org.springframework.test.context.web.ServletTestExecutionListener@1a06602f, org.springframework.test.context.support.DirtiesContextBeforeModesTestExecutionListener@46591e98, org.springframework.test.context.event.ApplicationEventsTestExecutionListener@5b6cc344, org.springframework.boot.test.mock.mockito.MockitoTestExecutionListener@2110684a, org.springframework.boot.test.autoconfigure.SpringBootDependencyInjectionTestExecutionListener@83e635f, org.springframework.test.context.support.DirtiesContextTestExecutionListener@61d011e, org.springframework.test.context.transaction.TransactionalTestExecutionListener@3b56947a, org.springframework.test.context.jdbc.SqlScriptsTestExecutionListener@1926f962, org.springframework.test.context.event.EventPublishingTestExecutionListener@62794582, org.springframework.boot.test.autoconfigure.restdocs.RestDocsTestExecutionListener@c82ad22, org.springframework.boot.test.autoconfigure.web.client.MockRestServiceServerResetTestExecutionListener@3f80d8c, org.springframework.boot.test.autoconfigure.web.servlet.MockMvcPrintOnlyOnFailureTestExecutionListener@2d3b0978, org.springframework.boot.test.autoconfigure.web.servlet.WebDriverTestExecutionListener@5c60c08, org.springframework.boot.test.autoconfigure.webservices.client.MockWebServiceServerTestExecutionListener@1cb44a2f, org.springframework.boot.test.mock.mockito.ResetMocksTestExecutionListener@5fe3b058]
